  Lista.cpp
LINK : warning LNK4098: la biblioteca predeterminada'LIBCMT' entra en conflicto con otras bibliotecas; use la biblioteca /NODEFAULTLIB:biblioteca
  Generando código
  9 of 832 functions ( 1.1%) were compiled, the rest were copied from previous compilation.
    1 functions were new in current compilation
    7 functions had inline decision re-evaluated but remain unchanged
  Generación de código finalizada
LINK : warning LNK4286: "___glewDeleteBuffers" importa el símbolo "glew32s.lib(glew.obj)" definido en "Mesh.obj"
LINK : warning LNK4286: "___glewDeleteVertexArrays" importa el símbolo "glew32s.lib(glew.obj)" definido en "Mesh.obj"
LINK : warning LNK4286: "___glewGenBuffers" importa el símbolo "glew32s.lib(glew.obj)" definido en "MeshInterface.obj"
LINK : warning LNK4286: "___glewGenVertexArrays" importa el símbolo "glew32s.lib(glew.obj)" definido en "MeshInterface.obj"
LINK : warning LNK4286: "___glewBufferData" importa el símbolo "glew32s.lib(glew.obj)" definido en "MeshInterface.obj"
LINK : warning LNK4286: "___glewBindBuffer" importa el símbolo "glew32s.lib(glew.obj)" definido en "MeshInterface.obj"
LINK : warning LNK4286: "___glewVertexAttribPointer" importa el símbolo "glew32s.lib(glew.obj)" definido en "MeshInterface.obj"
LINK : warning LNK4286: "___glewBindVertexArray" importa el símbolo "glew32s.lib(glew.obj)" definido en "MeshInterface.obj"
LINK : warning LNK4286: "___glewEnableVertexAttribArray" importa el símbolo "glew32s.lib(glew.obj)" definido en "MeshInterface.obj"
LINK : warning LNK4286: "___glewUniform4f" importa el símbolo "glew32s.lib(glew.obj)" definido en "ShaderProgram.obj"
LINK : warning LNK4286: "___glewLinkProgram" importa el símbolo "glew32s.lib(glew.obj)" definido en "ShaderProgram.obj"
LINK : warning LNK4286: "___glewDeleteShader" importa el símbolo "glew32s.lib(glew.obj)" definido en "ShaderProgram.obj"
LINK : warning LNK4286: "___glewUniform3f" importa el símbolo "glew32s.lib(glew.obj)" definido en "ShaderProgram.obj"
LINK : warning LNK4286: "___glewGetProgramInfoLog" importa el símbolo "glew32s.lib(glew.obj)" definido en "ShaderProgram.obj"
LINK : warning LNK4286: "___glewUniformMatrix4fv" importa el símbolo "glew32s.lib(glew.obj)" definido en "ShaderProgram.obj"
LINK : warning LNK4286: "___glewShaderSource" importa el símbolo "glew32s.lib(glew.obj)" definido en "ShaderProgram.obj"
LINK : warning LNK4286: "___glewDeleteProgram" importa el símbolo "glew32s.lib(glew.obj)" definido en "ShaderProgram.obj"
LINK : warning LNK4286: "___glewAttachShader" importa el símbolo "glew32s.lib(glew.obj)" definido en "ShaderProgram.obj"
LINK : warning LNK4286: "___glewGetUniformLocation" importa el símbolo "glew32s.lib(glew.obj)" definido en "ShaderProgram.obj"
LINK : warning LNK4286: "___glewGetProgramiv" importa el símbolo "glew32s.lib(glew.obj)" definido en "ShaderProgram.obj"
LINK : warning LNK4286: "___glewUniform2f" importa el símbolo "glew32s.lib(glew.obj)" definido en "ShaderProgram.obj"
LINK : warning LNK4286: "___glewGetShaderInfoLog" importa el símbolo "glew32s.lib(glew.obj)" definido en "ShaderProgram.obj"
LINK : warning LNK4286: "___glewCreateProgram" importa el símbolo "glew32s.lib(glew.obj)" definido en "ShaderProgram.obj"
LINK : warning LNK4286: "___glewCreateShader" importa el símbolo "glew32s.lib(glew.obj)" definido en "ShaderProgram.obj"
LINK : warning LNK4286: "___glewCompileShader" importa el símbolo "glew32s.lib(glew.obj)" definido en "ShaderProgram.obj"
LINK : warning LNK4286: "___glewGetShaderiv" importa el símbolo "glew32s.lib(glew.obj)" definido en "ShaderProgram.obj"
LINK : warning LNK4286: "___glewUseProgram" importa el símbolo "glew32s.lib(glew.obj)" definido en "ShaderProgram.obj"
LINK : warning LNK4286: "___glewGenerateMipmap" importa el símbolo "glew32s.lib(glew.obj)" definido en "Texture2D.obj"
LINK : warning LNK4286: "___glewActiveTexture" importa el símbolo "glew32s.lib(glew.obj)" definido en "Texture2D.obj"
glew32s.lib(glew.obj) : warning LNK4099: no se encontró PDB 'glew_static.pdb' con 'glew32s.lib(glew.obj)' o en 'C:\Users\Nino\Desktop\pf_vs2019\pf_vs2019\glew_static.pdb'; se vinculará el objeto sin tener en cuenta información de depuración
  Proyecto_Final_Estructuras.vcxproj -> C:\Users\Nino\Desktop\pf_vs2019\pf_vs2019\Proyecto_Final_Estructuras.exe
